<?xml version="1.0" encoding="UTF-8"?>
<testsuite xmlns:xsi="http://www.w3.org/2001/XMLSchema-instance" xsi:noNamespaceSchemaLocation="https://maven.apache.org/surefire/maven-surefire-plugin/xsd/surefire-test-report-3.0.xsd" version="3.0" name="dao.UserDaoTest" time="0.075" tests="11" errors="0" skipped="0" failures="0">
  <properties>
[...]
</properties>
  <testcase name="saveUser_Saving_User_Should_Be_Inside_Database" classname="dao.UserDaoTest" time="0.037"/>
  <testcase name="getUserByEmailAddress_Passing_Null_Argument_Should_Return_Null" classname="dao.UserDaoTest" time="0.026"/>
  <testcase name="saveUser_Saving_User_That_Already_Exists_Should_Have_No_Duplicates" classname="dao.UserDaoTest" time="0"/>
  <testcase name="getUserByEmailAddress_Db_Contains_User_Should_Return_User" classname="dao.UserDaoTest" time="0.001"/>
  <testcase name="updateUser_Passing_Null_Argument_Should_Not_Change_Anything" classname="dao.UserDaoTest" time="0"/>
  <testcase name="deleteUser_Passing_Null_Argument_Should_Not_Change_Anything" classname="dao.UserDaoTest" time="0"/>
  <testcase name="updateUser_Updating_User_Should_Be_Updated" classname="dao.UserDaoTest" time="0.001"/>
  <testcase name="saveUser_Passing_Null_Argument_Should_Not_Change_Anything" classname="dao.UserDaoTest" time="0"/>
  <testcase name="saveUser_Saving_User_Whos_Email_Is_Already_Registered_Should_Not_Save" classname="dao.UserDaoTest" time="0"/>
  <testcase name="getUserByEmailAddress_Db_Doesnt_Contain_User_Should_Return_Null" classname="dao.UserDaoTest" time="0"/>
  <testcase name="deleteUser_Deleting_User_Should_Be_Deleted" classname="dao.UserDaoTest" time="0"/>
</testsuite>